<?xml version="1.0" encoding="UTF-8"?>
<!-- Generated by org.testng.reporters.JUnitXMLReporter -->
<testsuite ignored="13" hostname="SA-RAFROZ-LT" failures="0" tests="1" name="Default test" time="94.53" errors="0" timestamp="25 Feb 2023 00:33:28 GMT">
  <testcase classname="com.qa.ngageplatform.regression.MyWorkTest" name="verifySetResetLayoutForLoanApplication_MW008" time="90.254"/>
  <testcase classname="com.qa.ngageplatform.regression.MyWorkTest" name="verifyFolderingOptionOfCorrespondance_MW005" time="0.0">
    <ignored/>
  </testcase> <!-- verifyFolderingOptionOfCorrespondance_MW005 -->
  <testcase classname="com.qa.ngageplatform.regression.MyWorkTest" name="verifySortingAscAndRestoreDefaultByFolderingConfigurationScreenSelection_MW003" time="0.0">
    <ignored/>
  </testcase> <!-- verifySortingAscAndRestoreDefaultByFolderingConfigurationScreenSelection_MW003 -->
  <testcase classname="com.qa.ngageplatform.regression.MyWorkTest" name="verifyCloserActionActivityASelectedOption_MW012_14" time="0.0">
    <ignored/>
  </testcase> <!-- verifyCloserActionActivityASelectedOption_MW012_14 -->
  <testcase classname="com.qa.ngageplatform.regression.MyWorkTest" name="verifySetResetLayoutForLoanApllication_MW009" time="0.0">
    <ignored/>
  </testcase> <!-- verifySetResetLayoutForLoanApllication_MW009 -->
  <testcase classname="com.qa.ngageplatform.regression.MyWorkTest" name="verifyClosureActionExpandBtn_MW001" time="0.0">
    <ignored/>
  </testcase> <!-- verifyClosureActionExpandBtn_MW001 -->
  <testcase classname="com.qa.ngageplatform.regression.MyWorkTest" name="verifyFolderingConfigurationScreenContentForRestoreDefault_MW004" time="0.0">
    <ignored/>
  </testcase> <!-- verifyFolderingConfigurationScreenContentForRestoreDefault_MW004 -->
  <testcase classname="com.qa.ngageplatform.regression.MyWorkTest" name="verifyCloserActionActivityASelectedOption_MW013" time="0.0">
    <ignored/>
  </testcase> <!-- verifyCloserActionActivityASelectedOption_MW013 -->
  <testcase classname="com.qa.ngageplatform.regression.MyWorkTest" name="verifyNewlyCreatedDocIdGreaterThanOldDocId_MW011" time="0.0">
    <ignored/>
  </testcase> <!-- verifyNewlyCreatedDocIdGreaterThanOldDocId_MW011 -->
  <testcase classname="com.qa.ngageplatform.regression.MyWorkTest" name="verifyClosureActionExpandBtn_MW002" time="0.0">
    <ignored/>
  </testcase> <!-- verifyClosureActionExpandBtn_MW002 -->
  <testcase classname="com.qa.ngageplatform.regression.MyWorkTest" name="verifyCloserActionActivityAPageNoAndPagePrev_NextIcon_MW018_To_19" time="0.0">
    <ignored/>
  </testcase> <!-- verifyCloserActionActivityAPageNoAndPagePrev_NextIcon_MW018_To_19 -->
  <testcase classname="com.qa.ngageplatform.regression.MyWorkTest" name="verifyTreeFolderForEventRequiredField_MW020_MW21" time="0.0">
    <ignored/>
  </testcase> <!-- verifyTreeFolderForEventRequiredField_MW020_MW21 -->
  <testcase classname="com.qa.ngageplatform.regression.MyWorkTest" name="verifySortingDscAndRestoreDefaultByFolderingConfigScreenSelection_MW006_MW007" time="0.0">
    <ignored/>
  </testcase> <!-- verifySortingDscAndRestoreDefaultByFolderingConfigScreenSelection_MW006_MW007 -->
  <testcase classname="com.qa.ngageplatform.regression.MyWorkTest" name="verifyCloserActionActivityAPageNoAndPagePrev_NextIcon_MW015_16_17" time="0.0">
    <ignored/>
  </testcase> <!-- verifyCloserActionActivityAPageNoAndPagePrev_NextIcon_MW015_16_17 -->
</testsuite> <!-- Default test -->
