<?xml version="1.0" encoding="UTF-8"?>
<!-- Generated by org.testng.reporters.JUnitXMLReporter -->
<testsuite ignored="1" hostname="SA-RAFROZ-LT" failures="0" tests="11" name="nGgage Smoke Suite" time="935.851" errors="0" timestamp="10 Jan 2023 18:02:19 GMT">
  <testcase classname="com.qa.ngageplatform.tests.FeatureMultipageViewerRegressionTest" name="verifyVisibilityOfPDFDocumentMenus_MV001" time="33.107"/>
  <testcase classname="com.qa.ngageplatform.tests.FeatureMultipageViewerRegressionTest" name="verifyThumbnailDeleteOptions_MV0023" time="65.827"/>
  <testcase classname="com.qa.ngageplatform.tests.FeatureMultipageViewerRegressionTest" name="verifyThumbnailGridAndThumbnailText_MV002" time="78.57"/>
  <testcase classname="com.qa.ngageplatform.tests.FeatureMultipageViewerRegressionTest" name="verifySplitters_MV004_To_MV007" time="40.37"/>
  <testcase classname="com.qa.ngageplatform.tests.FeatureMultipageViewerRegressionTest" name="verifyNextBtnAndPreviousBtn_MV008_MV009" time="88.644"/>
  <testcase classname="com.qa.ngageplatform.tests.FeatureMultipageViewerRegressionTest" name="verifyThumbnailPageInfo_MV010_MV011" time="112.583"/>
  <testcase classname="com.qa.ngageplatform.tests.FeatureMultipageViewerRegressionTest" name="verifyThumbnailPageInfo_MV012_MV016" time="64.194"/>
  <testcase classname="com.qa.ngageplatform.tests.FeatureMultipageViewerRegressionTest" name="verifyThumbnailPageInfo_MV017_MV018" time="41.146"/>
  <testcase classname="com.qa.ngageplatform.tests.FeatureMultipageViewerRegressionTest" name="verifyUploadedFileInfo_MV019" time="121.51"/>
  <testcase classname="com.qa.ngageplatform.tests.FeatureMultipageViewerRegressionTest" name="verifyReplacedPageInfo_MV021_MV022" time="125.926"/>
  <testcase classname="com.qa.ngageplatform.tests.FeatureMultipageViewerRegressionTest" name="verifyUploadedFileInfo_MV020" time="122.607"/>
  <testcase classname="com.qa.ngageplatform.tests.FeatureMultipageViewerRegressionTest" name="verifyThumbnailGridAndThumbnailText_MV003" time="0.0">
    <ignored/>
  </testcase> <!-- verifyThumbnailGridAndThumbnailText_MV003 -->
</testsuite> <!-- nGgage Smoke Suite -->
